<?xml version="1.0" encoding="UTF-8"?>
<!-- Generated by org.testng.reporters.JUnitReportReporter -->
<testsuite hostname="LH7U05CG7300QYJ" name="testcases.TC_Login" tests="1" failures="0" timestamp="7 Sep 2018 12:56:25 GMT" time="54.078" errors="0">
  <testcase name="testLogin_ValidCredentials" time="54.078" classname="testcases.TC_Login"/>
</testsuite> <!-- testcases.TC_Login -->
