<?xml version="1.0" encoding="UTF-8"?>
<!-- Generated by org.testng.reporters.JUnitReportReporter -->
<testsuite hostname="LH7U05CG7300QYJ" name="testcases.DocumentTab_TC_DocTabElements" tests="1" failures="0" timestamp="9 Aug 2018 11:57:29 GMT" time="16.838" errors="0">
  <testcase name="test_verifydocumentTabElements" time="16.838" classname="testcases.DocumentTab_TC_DocTabElements"/>
</testsuite> <!-- testcases.DocumentTab_TC_DocTabElements -->
