<?xml version="1.0" encoding="UTF-8"?>
<!-- Generated by org.testng.reporters.JUnitReportReporter -->
<testsuite hostname="LH7U05CG7300QYJ" name="testcases.CheckTab_TC_FrontRadioButtonOnCheckTabPage" tests="1" failures="0" timestamp="9 Aug 2018 11:57:29 GMT" time="65.483" errors="0">
  <testcase name="test_VerifyFrontRadioButton" time="65.483" classname="testcases.CheckTab_TC_FrontRadioButtonOnCheckTabPage"/>
</testsuite> <!-- testcases.CheckTab_TC_FrontRadioButtonOnCheckTabPage -->
