<?xml version="1.0" encoding="UTF-8"?>
<!-- Generated by org.testng.reporters.JUnitReportReporter -->
<testsuite hostname="LH7U05CG7300QYJ" name="testcases.CheckTabTests" tests="3" failures="0" timestamp="28 Jul 2018 15:22:40 GMT" time="48.830" errors="0">
  <testcase name="testLogin_InValidCredentials" time="21.138" classname="testcases.CheckTabTests"/>
  <testcase name="testLogin_ValidCredentials" time="15.185" classname="testcases.CheckTabTests"/>
  <testcase name="test_verifyCheckTabElements" time="12.507" classname="testcases.CheckTabTests"/>
</testsuite> <!-- testcases.CheckTabTests -->
