<?xml version="1.0" encoding="UTF-8"?>
<!-- Generated by org.testng.reporters.JUnitReportReporter -->
<testsuite hostname="LH7U05CG7300QYJ" name="testcases.CheckTab_TC_AllButtons" tests="3" failures="0" timestamp="9 Aug 2018 11:57:29 GMT" time="130.843" errors="0">
  <testcase name="test_VerifyClearAllAndExitButton" time="18.412" classname="testcases.CheckTab_TC_AllButtons"/>
  <testcase name="test_VerifyCancelButtonOnCDW" time="47.360" classname="testcases.CheckTab_TC_AllButtons"/>
  <testcase name="test_VerifyOKButtonOnCDW" time="65.071" classname="testcases.CheckTab_TC_AllButtons"/>
</testsuite> <!-- testcases.CheckTab_TC_AllButtons -->
